<?xml version="1.0" encoding="UTF-8"?>
<testsuite xmlns:xsi="http://www.w3.org/2001/XMLSchema-instance" xsi:noNamespaceSchemaLocation="https://maven.apache.org/surefire/maven-surefire-plugin/xsd/surefire-test-report.xsd" name="tl86.eightCourse.GetDataClient" time="0.101" tests="2" errors="0" skipped="0" failures="0">
  <properties>
[...]
</properties>
  <testcase name="callGetData" classname="tl86.eightCourse.GetDataClient" time="0.022"/>
  <testcase name="callGetData2" classname="tl86.eightCourse.GetDataClient" time="0.074"/>
</testsuite>